0 info it worked if it ends with ok
1 verbose cli [ '/Users/nicolazanon/.nvm/versions/node/v7.2.0/bin/node',
1 verbose cli   '/Users/nicolazanon/.nvm/versions/node/v7.2.0/bin/npm',
1 verbose cli   'run',
1 verbose cli   'coverage' ]
2 info using npm@3.10.9
3 info using node@v7.2.0
4 verbose run-script [ 'precoverage', 'coverage', 'postcoverage' ]
5 info lifecycle transfer-alert@1.0.0~precoverage: transfer-alert@1.0.0
6 silly lifecycle transfer-alert@1.0.0~precoverage: no script for precoverage, continuing
7 info lifecycle transfer-alert@1.0.0~coverage: transfer-alert@1.0.0
8 verbose lifecycle transfer-alert@1.0.0~coverage: unsafe-perm in lifecycle true
9 verbose lifecycle transfer-alert@1.0.0~coverage: PATH: /Users/nicolazanon/.nvm/versions/node/v7.2.0/lib/node_modules/npm/bin/node-gyp-bin:/Users/nicolazanon/Dropbox/repos/money-alert/node_modules/.bin:/Users/nicolazanon/.nvm/versions/node/v7.2.0/bin:/usr/local/bin:/usr/bin:/bin:/usr/sbin:/sbin:/Users/nicolazanon/.composer/vendor/bin
10 verbose lifecycle transfer-alert@1.0.0~coverage: CWD: /Users/nicolazanon/Dropbox/repos/money-alert
11 silly lifecycle transfer-alert@1.0.0~coverage: Args: [ '-c', 'nyc report --reporter=text-lcov | coveralls' ]
12 silly lifecycle transfer-alert@1.0.0~coverage: Returned: code: 1  signal: null
13 info lifecycle transfer-alert@1.0.0~coverage: Failed to exec coverage script
14 verbose stack Error: transfer-alert@1.0.0 coverage: `nyc report --reporter=text-lcov | coveralls`
14 verbose stack Exit status 1
14 verbose stack     at EventEmitter.<anonymous> (/Users/nicolazanon/.nvm/versions/node/v7.2.0/lib/node_modules/npm/lib/utils/lifecycle.js:255:16)
14 verbose stack     at emitTwo (events.js:106:13)
14 verbose stack     at EventEmitter.emit (events.js:191:7)
14 verbose stack     at ChildProcess.<anonymous> (/Users/nicolazanon/.nvm/versions/node/v7.2.0/lib/node_modules/npm/lib/utils/spawn.js:40:14)
14 verbose stack     at emitTwo (events.js:106:13)
14 verbose stack     at ChildProcess.emit (events.js:191:7)
14 verbose stack     at maybeClose (internal/child_process.js:885:16)
14 verbose stack     at Process.ChildProcess._handle.onexit (internal/child_process.js:226:5)
15 verbose pkgid transfer-alert@1.0.0
16 verbose cwd /Users/nicolazanon/Dropbox/repos/money-alert
17 error Darwin 16.3.0
18 error argv "/Users/nicolazanon/.nvm/versions/node/v7.2.0/bin/node" "/Users/nicolazanon/.nvm/versions/node/v7.2.0/bin/npm" "run" "coverage"
19 error node v7.2.0
20 error npm  v3.10.9
21 error code ELIFECYCLE
22 error transfer-alert@1.0.0 coverage: `nyc report --reporter=text-lcov | coveralls`
22 error Exit status 1
23 error Failed at the transfer-alert@1.0.0 coverage script 'nyc report --reporter=text-lcov | coveralls'.
23 error Make sure you have the latest version of node.js and npm installed.
23 error If you do, this is most likely a problem with the transfer-alert package,
23 error not with npm itself.
23 error Tell the author that this fails on your system:
23 error     nyc report --reporter=text-lcov | coveralls
23 error You can get information on how to open an issue for this project with:
23 error     npm bugs transfer-alert
23 error Or if that isn't available, you can get their info via:
23 error     npm owner ls transfer-alert
23 error There is likely additional logging output above.
24 verbose exit [ 1, true ]
